This is pdfTeX, Version 3.141592653-2.6-1.40.27 (MiKTeX 25.4) (preloaded format=pdflatex 2025.12.17)  23 DEC 2025 13:23
entering extended mode
 restricted \write18 enabled.
 file:line:error style messages enabled.
 %&-line parsing enabled.
**c:/Users/abdel/Downloads/rapport_huawei__Copy_/main.tex
(c:/Users/abdel/Downloads/rapport_huawei__Copy_/main.tex
LaTeX2e <2025-11-01>
L3 programming layer <2025-11-06>
(tpl/isipfe.cls

LaTeX Warning: You have requested document class `./tpl/isipfe',
               but the document class provides `isipfe'.

Document Class: isipfe 15/04/2016 ISI PFE LaTeX Class
(D:\Studies\MiKTeX\tex/latex/base\ifthen.sty
Package: ifthen 2024/03/16 v1.1e Standard LaTeX ifthen package (DPC)
) (D:\Studies\MiKTeX\tex/latex/base\book.cls
Document Class: book 2025/01/22 v1.4n Standard LaTeX document class
(D:\Studies\MiKTeX\tex/latex/base\bk12.clo
File: bk12.clo 2025/01/22 v1.4n Standard LaTeX file (size option)
)
\c@part=\count275
\c@chapter=\count276
\c@section=\count277
\c@subsection=\count278
\c@subsubsection=\count279
\c@paragraph=\count280
\c@subparagraph=\count281
\c@figure=\count282
\c@table=\count283
\abovecaptionskip=\skip49
\belowcaptionskip=\skip50
\bibindent=\dimen148
) (D:\Studies\MiKTeX\tex/latex/geometry\geometry.sty
Package: geometry 2020/01/02 v5.9 Page Geometry
 (D:\Studies\MiKTeX\tex/latex/graphics\keyval.sty
Package: keyval 2022/05/29 v1.15 key=value parser (DPC)
\KV@toks@=\toks17
) (D:\Studies\MiKTeX\tex/generic/iftex\ifvtex.sty
Package: ifvtex 2019/10/25 v1.7 ifvtex legacy package. Use iftex instead.
 (D:\Studies\MiKTeX\tex/generic/iftex\iftex.sty
Package: iftex 2024/12/12 v1.0g TeX engine tests
))
\Gm@cnth=\count284
\Gm@cntv=\count285
\c@Gm@tempcnt=\count286
\Gm@bindingoffset=\dimen149
\Gm@wd@mp=\dimen150
\Gm@odd@mp=\dimen151
\Gm@even@mp=\dimen152
\Gm@layoutwidth=\dimen153
\Gm@layoutheight=\dimen154
\Gm@layouthoffset=\dimen155
\Gm@layoutvoffset=\dimen156
\Gm@dimlist=\toks18
 (D:\Studies\MiKTeX\tex/latex/geometry\geometry.cfg)) (D:\Studies\MiKTeX\tex/latex/newtx\newtxtext.sty
Package: newtxtext 2024/04/01 v1.744(Michael Sharpe) latex and unicode latex support for TeXGyreTermesX
 `newtxtext' v1.744, 2024/04/01 Text macros taking advantage of TeXGyre Termes and its extensions (msharpe) (D:\Studies\MiKTeX\tex/latex/xpatch\xpatch.sty (D:\Studies\MiKTeX\tex/latex/l3kernel\expl3.sty
Package: expl3 2025-11-06 L3 programming layer (loader) 
 (D:\Studies\MiKTeX\tex/latex/l3backend\l3backend-pdftex.def
File: l3backend-pdftex.def 2025-10-09 L3 backend support: PDF output (pdfTeX)
\l__color_backend_stack_int=\count287
))
Package: xpatch 2020/03/25 v0.3a Extending etoolbox patching commands
 (D:\Studies\MiKTeX\tex/latex/l3packages/xparse\xparse.sty
Package: xparse 2025-10-09 L3 Experimental document command parser
) (D:\Studies\MiKTeX\tex/latex/etoolbox\etoolbox.sty
Package: etoolbox 2025/10/02 v2.5m e-TeX tools for LaTeX (JAW)
\etb@tempcnta=\count288
)) (D:\Studies\MiKTeX\tex/latex/xcolor\xcolor.sty
Package: xcolor 2024/09/29 v3.02 LaTeX color extensions (UK)
 (D:\Studies\MiKTeX\tex/latex/graphics-cfg\color.cfg
File: color.cfg 2016/01/02 v1.6 sample color configuration
)
Package xcolor Info: Driver file: pdftex.def on input line 274.
 (D:\Studies\MiKTeX\tex/latex/graphics-def\pdftex.def
File: pdftex.def 2025/09/29 v1.2d Graphics/color driver for pdftex
) (D:\Studies\MiKTeX\tex/latex/graphics\mathcolor.ltx)
Package xcolor Info: Model `cmy' substituted by `cmy0' on input line 1349.
Package xcolor Info: Model `hsb' substituted by `rgb' on input line 1353.
Package xcolor Info: Model `RGB' extended on input line 1365.
Package xcolor Info: Model `HTML' substituted by `rgb' on input line 1367.
Package xcolor Info: Model `Hsb' substituted by `hsb' on input line 1368.
Package xcolor Info: Model `tHsb' substituted by `hsb' on input line 1369.
Package xcolor Info: Model `HSB' substituted by `hsb' on input line 1370.
Package xcolor Info: Model `Gray' substituted by `gray' on input line 1371.
Package xcolor Info: Model `wave' substituted by `hsb' on input line 1372.
) (D:\Studies\MiKTeX\tex/latex/xkeyval\xkeyval.sty
Package: xkeyval 2022/06/16 v2.9 package option processing (HA)
 (D:\Studies\MiKTeX\tex/generic/xkeyval\xkeyval.tex (D:\Studies\MiKTeX\tex/generic/xkeyval\xkvutils.tex
\XKV@toks=\toks19
\XKV@tempa@toks=\toks20
)
\XKV@depth=\count289
File: xkeyval.tex 2014/12/03 v2.7a key=value parser (HA)
)) (D:\Studies\MiKTeX\tex/latex/base\textcomp.sty
Package: textcomp 2024/04/24 v2.1b Standard LaTeX package
) (D:\Studies\MiKTeX\tex/latex/xstring\xstring.sty (D:\Studies\MiKTeX\tex/generic/xstring\xstring.tex
\xs_counta=\count290
\xs_countb=\count291
)
Package: xstring 2023/08/22 v1.86 String manipulations (CT)
) (D:\Studies\MiKTeX\tex/latex/carlisle\scalefnt.sty)
LaTeX Font Info:    Setting ntxLF sub-encoding to TS1/0 on input line 24.
LaTeX Font Info:    Setting ntxTLF sub-encoding to TS1/0 on input line 24.
LaTeX Font Info:    Setting ntxOsF sub-encoding to TS1/0 on input line 24.
LaTeX Font Info:    Setting ntxTOsF sub-encoding to TS1/0 on input line 24.
 (D:\Studies\MiKTeX\tex/generic/binhex\binhex.tex)
\ntx@tmpcnta=\count292
\ntx@cnt=\count293
 (D:\Studies\MiKTeX\tex/latex/fontaxes\fontaxes.sty
Package: fontaxes 2025-05-24 v2.0.1 Font selection axes (deprecated)
 (D:\Studies\MiKTeX\tex/latex/figureversions\figureversions.sty
Package: figureversions 2025-04-29 v1.0.1 Figure versions
))
\tx@sixem=\dimen157
\tx@y=\dimen158
\tx@x=\dimen159
\tx@tmpdima=\dimen160
\tx@tmpdimb=\dimen161
\tx@tmpdimc=\dimen162
\tx@tmpdimd=\dimen163
\tx@tmpdime=\dimen164
\tx@tmpdimf=\dimen165
\tx@dimA=\dimen166
\tx@dimAA=\dimen167
\tx@dimB=\dimen168
\tx@dimBB=\dimen169
\tx@dimC=\dimen170
LaTeX Info: Redefining \oldstylenums on input line 902.
) (D:\Studies\MiKTeX\tex/latex/newtx\newtxmath.sty
Package: newtxmath 2024/09/22 v1.754
 `newtxmath' v1.754, 2024/09/22 Math macros based originally on txfonts (msharpe) (D:\Studies\MiKTeX\tex/latex/amsmath\amsmath.sty
Package: amsmath 2025/07/09 v2.17z AMS math features
\@mathmargin=\skip51

For additional information on amsmath, use the `?' option.
(D:\Studies\MiKTeX\tex/latex/amsmath\amstext.sty
Package: amstext 2024/11/17 v2.01 AMS text
 (D:\Studies\MiKTeX\tex/latex/amsmath\amsgen.sty
File: amsgen.sty 1999/11/30 v2.0 generic functions
\@emptytoks=\toks21
\ex@=\dimen171
)) (D:\Studies\MiKTeX\tex/latex/amsmath\amsbsy.sty
Package: amsbsy 1999/11/29 v1.2d Bold Symbols
\pmbraise@=\dimen172
) (D:\Studies\MiKTeX\tex/latex/amsmath\amsopn.sty
Package: amsopn 2022/04/08 v2.04 operator names
)
\inf@bad=\count294
LaTeX Info: Redefining \frac on input line 233.
\uproot@=\count295
\leftroot@=\count296
LaTeX Info: Redefining \overline on input line 398.
LaTeX Info: Redefining \colon on input line 409.
\classnum@=\count297
\DOTSCASE@=\count298
LaTeX Info: Redefining \ldots on input line 495.
LaTeX Info: Redefining \dots on input line 498.
LaTeX Info: Redefining \cdots on input line 619.
\Mathstrutbox@=\box53
\strutbox@=\box54
LaTeX Info: Redefining \big on input line 721.
LaTeX Info: Redefining \Big on input line 722.
LaTeX Info: Redefining \bigg on input line 723.
LaTeX Info: Redefining \Bigg on input line 724.
\big@size=\dimen173
LaTeX Font Info:    Redeclaring font encoding OML on input line 742.
LaTeX Font Info:    Redeclaring font encoding OMS on input line 743.
\macc@depth=\count299
LaTeX Info: Redefining \bmod on input line 904.
LaTeX Info: Redefining \pmod on input line 909.
LaTeX Info: Redefining \smash on input line 939.
LaTeX Info: Redefining \relbar on input line 969.
LaTeX Info: Redefining \Relbar on input line 970.
\c@MaxMatrixCols=\count300
\dotsspace@=\muskip17
\c@parentequation=\count301
\dspbrk@lvl=\count302
\tag@help=\toks22
\row@=\count303
\column@=\count304
\maxfields@=\count305
\andhelp@=\toks23
\eqnshift@=\dimen174
\alignsep@=\dimen175
\tagshift@=\dimen176
\tagwidth@=\dimen177
\totwidth@=\dimen178
\lineht@=\dimen179
\@envbody=\toks24
\multlinegap=\skip52
\multlinetaggap=\skip53
\mathdisplay@stack=\toks25
LaTeX Info: Redefining \[ on input line 2950.
LaTeX Info: Redefining \] on input line 2951.
) (D:\Studies\MiKTeX\tex/latex/oberdiek\centernot.sty
Package: centernot 2016/05/16 v1.4 Centers the not symbol horizontally (HO)
)
\tx@cntz=\count306
 (D:\Studies\MiKTeX\tex/generic/binhex\binhex.tex)
\tx@Isdigit=\count307
\tx@IsAlNum=\count308
\tx@tA=\toks26
\tx@tB=\toks27
\tx@su=\read2

amsthm NOT loaded
LaTeX Font Info:    Redeclaring symbol font `operators' on input line 402.
LaTeX Font Info:    Overwriting symbol font `operators' in version `normal'
(Font)                  OT1/cmr/m/n --> OT1/minntx/m/n on input line 402.
LaTeX Font Info:    Overwriting symbol font `operators' in version `bold'
(Font)                  OT1/cmr/bx/n --> OT1/minntx/m/n on input line 402.
LaTeX Font Info:    Overwriting symbol font `operators' in version `bold'
(Font)                  OT1/minntx/m/n --> OT1/minntx/b/n on input line 403.
LaTeX Font Info:    Redeclaring math alphabet \mathsf on input line 410.
LaTeX Font Info:    Overwriting math alphabet `\mathsf' in version `normal'
(Font)                  OT1/cmss/m/n --> OT1/qhv/m/n on input line 410.
LaTeX Font Info:    Overwriting math alphabet `\mathsf' in version `bold'
(Font)                  OT1/cmss/bx/n --> OT1/qhv/m/n on input line 410.
LaTeX Font Info:    Overwriting math alphabet `\mathsf' in version `bold'
(Font)                  OT1/qhv/m/n --> OT1/qhv/b/n on input line 412.
LaTeX Font Info:    Redeclaring math alphabet \mathit on input line 419.
LaTeX Font Info:    Overwriting math alphabet `\mathit' in version `normal'
(Font)                  OT1/cmr/m/it --> OT1/minntx/m/it on input line 419.
LaTeX Font Info:    Overwriting math alphabet `\mathit' in version `bold'
(Font)                  OT1/cmr/bx/it --> OT1/minntx/m/it on input line 419.
LaTeX Font Info:    Redeclaring math alphabet \mathtt on input line 420.
LaTeX Font Info:    Overwriting math alphabet `\mathtt' in version `normal'
(Font)                  OT1/cmtt/m/n --> OT1/ntxtt/m/n on input line 420.
LaTeX Font Info:    Overwriting math alphabet `\mathtt' in version `bold'
(Font)                  OT1/cmtt/m/n --> OT1/ntxtt/m/n on input line 420.
LaTeX Font Info:    Redeclaring math alphabet \mathbf on input line 422.
LaTeX Font Info:    Overwriting math alphabet `\mathbf' in version `normal'
(Font)                  OT1/cmr/bx/n --> OT1/minntx/b/n on input line 422.
LaTeX Font Info:    Overwriting math alphabet `\mathbf' in version `bold'
(Font)                  OT1/cmr/bx/n --> OT1/minntx/b/n on input line 422.
LaTeX Font Info:    Overwriting math alphabet `\mathit' in version `bold'
(Font)                  OT1/minntx/m/it --> OT1/minntx/b/it on input line 423.
LaTeX Font Info:    Overwriting math alphabet `\mathtt' in version `bold'
(Font)                  OT1/ntxtt/m/n --> OT1/ntxtt/b/n on input line 426.
LaTeX Font Info:    Redeclaring symbol font `letters' on input line 534.
LaTeX Font Info:    Overwriting symbol font `letters' in version `normal'
(Font)                  OML/cmm/m/it --> OML/ntxmi/m/it on input line 534.
LaTeX Font Info:    Overwriting symbol font `letters' in version `bold'
(Font)                  OML/cmm/b/it --> OML/ntxmi/m/it on input line 534.
LaTeX Font Info:    Overwriting symbol font `letters' in version `bold'
(Font)                  OML/ntxmi/m/it --> OML/ntxmi/b/it on input line 535.
\symlettersA=\mathgroup4
LaTeX Font Info:    Overwriting symbol font `lettersA' in version `bold'
(Font)                  U/ntxmia/m/it --> U/ntxmia/b/it on input line 582.
Now handling font encoding LMS ...
... no UTF-8 mapping file for font encoding LMS
LaTeX Font Info:    Redeclaring symbol font `symbols' on input line 604.
LaTeX Font Info:    Encoding `OMS' has changed to `LMS' for symbol font
(Font)              `symbols' in the math version `normal' on input line 604.
LaTeX Font Info:    Overwriting symbol font `symbols' in version `normal'
(Font)                  OMS/cmsy/m/n --> LMS/ntxsy/m/n on input line 604.
LaTeX Font Info:    Encoding `OMS' has changed to `LMS' for symbol font
(Font)              `symbols' in the math version `bold' on input line 604.
LaTeX Font Info:    Overwriting symbol font `symbols' in version `bold'
(Font)                  OMS/cmsy/b/n --> LMS/ntxsy/m/n on input line 604.
LaTeX Font Info:    Overwriting symbol font `symbols' in version `bold'
(Font)                  LMS/ntxsy/m/n --> LMS/ntxsy/b/n on input line 605.
\symAMSm=\mathgroup5
LaTeX Font Info:    Overwriting symbol font `AMSm' in version `bold'
(Font)                  U/ntxsym/m/n --> U/ntxsym/b/n on input line 630.
\symsymbolsC=\mathgroup6
LaTeX Font Info:    Overwriting symbol font `symbolsC' in version `bold'
(Font)                  U/ntxsyc/m/n --> U/ntxsyc/b/n on input line 651.
Now handling font encoding LMX ...
... no UTF-8 mapping file for font encoding LMX
LaTeX Font Info:    Redeclaring symbol font `largesymbols' on input line 664.
LaTeX Font Info:    Encoding `OMX' has changed to `LMX' for symbol font
(Font)              `largesymbols' in the math version `normal' on input line 664.
LaTeX Font Info:    Overwriting symbol font `largesymbols' in version `normal'
(Font)                  OMX/cmex/m/n --> LMX/ntxexx/m/n on input line 664.
LaTeX Font Info:    Encoding `OMX' has changed to `LMX' for symbol font
(Font)              `largesymbols' in the math version `bold' on input line 664.
LaTeX Font Info:    Overwriting symbol font `largesymbols' in version `bold'
(Font)                  OMX/cmex/m/n --> LMX/ntxexx/m/n on input line 664.
LaTeX Font Info:    Overwriting symbol font `largesymbols' in version `bold'
(Font)                  LMX/ntxexx/m/n --> LMX/ntxexx/b/n on input line 665.
\symlargesymbolsTXA=\mathgroup7
LaTeX Font Info:    Overwriting symbol font `largesymbolsTXA' in version `bold'
(Font)                  U/ntxexa/m/n --> U/ntxexa/b/n on input line 679.
\tx@sbptoks=\toks28
LaTeX Font Info:    Redeclaring math delimiter \lfloor on input line 902.
LaTeX Font Info:    Redeclaring math delimiter \rfloor on input line 903.
LaTeX Font Info:    Redeclaring math delimiter \lceil on input line 904.
LaTeX Font Info:    Redeclaring math delimiter \rceil on input line 905.
LaTeX Font Info:    Redeclaring math delimiter \lbrace on input line 910.
LaTeX Font Info:    Redeclaring math delimiter \rbrace on input line 911.
LaTeX Font Info:    Redeclaring math delimiter \langle on input line 913.
LaTeX Font Info:    Redeclaring math delimiter \rangle on input line 915.
LaTeX Font Info:    Redeclaring math delimiter \arrowvert on input line 919.
LaTeX Font Info:    Redeclaring math delimiter \vert on input line 920.
LaTeX Font Info:    Redeclaring math symbol \hbar on input line 966.
LaTeX Font Info:    Redeclaring math accent \dot on input line 991.
LaTeX Font Info:    Redeclaring math accent \ddot on input line 992.
LaTeX Font Info:    Redeclaring math accent \vec on input line 2057.
LaTeX Info: Redefining \Bbbk on input line 2847.
LaTeX Info: Redefining \not on input line 2995.
) (D:\Studies\MiKTeX\tex/latex/titlesec\titlesec.sty
Package: titlesec 2025/01/04 v2.17 Sectioning titles
\ttl@box=\box55
\beforetitleunit=\skip54
\aftertitleunit=\skip55
\ttl@plus=\dimen180
\ttl@minus=\dimen181
\ttl@toksa=\toks29
\titlewidth=\dimen182
\titlewidthlast=\dimen183
\titlewidthfirst=\dimen184
) (D:\Studies\MiKTeX\tex/latex/fancyhdr\fancyhdr.sty
Package: fancyhdr 2025/02/07 v5.2 Extensive control of page headers and footers
\f@nch@headwidth=\skip56
\f@nch@offset@elh=\skip57
\f@nch@offset@erh=\skip58
\f@nch@offset@olh=\skip59
\f@nch@offset@orh=\skip60
\f@nch@offset@elf=\skip61
\f@nch@offset@erf=\skip62
\f@nch@offset@olf=\skip63
\f@nch@offset@orf=\skip64
\f@nch@height=\skip65
\f@nch@footalignment=\skip66
\f@nch@widthL=\skip67
\f@nch@widthC=\skip68
\f@nch@widthR=\skip69
\@temptokenb=\toks30
) (D:\Studies\MiKTeX\tex/latex/ccaption\ccaption.sty
Package: ccaption 2011/08/07 v3.2c Extended captioning and new floats
\@contcwidth=\skip70
\@contindw=\skip71
\abovelegendskip=\skip72
\belowlegendskip=\skip73
\c@newflo@tctr=\count309
) (D:\Studies\MiKTeX\tex/latex/tools\xspace.sty
Package: xspace 2014/10/28 v1.13 Space after command names (DPC,MH)
) (D:\Studies\MiKTeX\tex/latex/base\inputenc.sty
Package: inputenc 2024/02/08 v1.3d Input encoding file
\inpenc@prehook=\toks31
\inpenc@posthook=\toks32
) (D:\Studies\MiKTeX\tex/latex/base\fontenc.sty
Package: fontenc 2025/07/18 v2.1d Standard LaTeX package
LaTeX Font Info:    Trying to load font information for T1+minntx on input line 116.
 (D:\Studies\MiKTeX\tex/latex/newtx\t1minntx.fd
File: t1minntx.fd 2023/09/09 v1.1 font definition file for T1/minntx
)
LaTeX Font Info:    Font shape `T1/minntx/m/n' will be
(Font)              scaled to size 12.0pt on input line 116.
) (D:\Studies\MiKTeX\tex/generic/babel\babel.sty
Package: babel 2025/11/09 v25.15 The multilingual framework for LuaLaTeX, pdfLaTeX and XeLaTeX
\babel@savecnt=\count310
LaTeX Encoding Info:    Redeclaring text command \ij (encoding OT1) on input line 2050.
LaTeX Encoding Info:    Redeclaring text command \IJ (encoding OT1) on input line 2052.
LaTeX Encoding Info:    Redeclaring text command \ij (encoding T1) on input line 2054.
LaTeX Encoding Info:    Redeclaring text command \IJ (encoding T1) on input line 2055.
LaTeX Encoding Info:    Ignoring declaration for text command \ij (encoding ?) on input line 2056.
LaTeX Encoding Info:    Ignoring declaration for text command \IJ (encoding ?) on input line 2058.
LaTeX Encoding Info:    Ignoring declaration for text command \SS (encoding ?) on input line 2083.
\U@D=\dimen185
\l@unhyphenated=\language79
 (D:\Studies\MiKTeX\tex/generic/babel\txtbabel.def)
\bbl@readstream=\read3
\bbl@dirlevel=\count311
Package babel Info: Configuration files are deprecated, as
(babel)             they can break document portability.
(babel)             Reported on input line 4175.

*************************************
* Local config file bblopts.cfg used
*
(D:\Studies\MiKTeX\tex/latex/arabi\bblopts.cfg
File: bblopts.cfg 2005/09/08 v0.1 add Arabic and Farsi to "declared" options of babel
) (D:\Studies\MiKTeX\tex/generic/babel/locale/fr\babel-french.tex) (D:\Studies\MiKTeX\tex/generic/babel/locale/en\babel-english.tex)
Package babel Info: Importing font and identification data for french
(babel)             from babel-fr.ini. Reported on input line 4298.
 (D:\Studies\MiKTeX\tex/generic/babel-french\french.ldf
Language: french 2025-08-15 v4.0e French support from the babel system
 (D:\Studies\MiKTeX\tex/generic/babel-french\french3.ldf
Language: french 2025-08-15 v3.7e French support from the babel system
\FB@stdchar=\count312
Package babel Info: Making : an active character on input line 273.
Package babel Info: Making ; an active character on input line 274.
Package babel Info: Making ! an active character on input line 275.
Package babel Info: Making ? an active character on input line 276.
\FBguill@level=\count313
\FBold@everypar=\toks33
\FB@Mht=\dimen186
\mc@charclass=\count314
\mc@charfam=\count315
\mc@charslot=\count316
\std@mcc=\count317
\dec@mcc=\count318
\FB@pardim=\dimen187
\listindentFB=\dimen188
\descindentFB=\dimen189
\labelindentFB=\dimen190
\labelwidthFB=\dimen191
\leftmarginFB=\dimen192
\parindentFFN=\dimen193
\FBfnindent=\dimen194
))
Package babel Info: Importing font and identification data for english
(babel)             from babel-en.ini. Reported on input line 4298.
 (D:\Studies\MiKTeX\tex/latex/babel-english\english.ldf
Language: english 2017/06/06 v3.3r English support from the babel system
Package babel Info: Hyphen rules for 'canadian' set to \l@english
(babel)             (\language0). Reported on input line 102.
Package babel Info: Hyphen rules for 'australian' set to \l@ukenglish
(babel)             (\language73). Reported on input line 105.
Package babel Info: Hyphen rules for 'newzealand' set to \l@ukenglish
(babel)             (\language73). Reported on input line 108.
)) (D:\Studies\MiKTeX\tex/latex/enumitem\enumitem.sty
Package: enumitem 2025/02/06 v3.11 Customized lists
\labelindent=\skip74
\enit@outerparindent=\dimen195
\enit@toks=\toks34
\enit@inbox=\box56
\enit@count@id=\count319
\enitdp@description=\count320
) (D:\Studies\MiKTeX\tex/latex/datatool\datatool.sty
Package: datatool 2025/11/06 v3.4.2 (NLCT)
 (D:\Studies\MiKTeX\tex/latex/xfor\xfor.sty
Package: xfor 2009/02/05 v1.05 (NLCT)
) (D:\Studies\MiKTeX\tex/latex/tracklang\tracklang.sty
Package: tracklang 2025/03/11 v1.6.6 (NLCT) Track Languages
 (D:\Studies\MiKTeX\tex/generic/tracklang\tracklang.tex)
Package tracklang Info: Tracking dialect `french' (language `french') on input line 264.
Package tracklang Info: Tracking dialect `english' (language `english') on input line 264.
Package tracklang Info: Tracking dialect `english' (language `english') on input line 264.
Package tracklang Info: Tracking dialect `french' (language `french') on input line 264.
) (D:\Studies\MiKTeX\tex/latex/datatool\datatool-base.sty
Package: datatool-base 2025/11/06 v3.4.2 (NLCT)
\l__datatool_tmpa_int=\count321
\l__datatool_tmpb_int=\count322
\l__datatool_tmpc_int=\count323
\l__datatool_tmpd_int=\count324
\l__datatool_count_int=\count325
\l__datatool_tmp_datatype_int=\count326
\l__datatool_tmpa_dim=\dimen196
\l__datatool_tmpb_dim=\dimen197
 (D:\Studies\MiKTeX\tex/latex/datatool\datatool-l3fp.def
File: datatool-l3fp.def 2025/11/06 v3.4.2 (NLCT)
)
\@dtl@toks=\toks35
\@dtl@tmpcount=\count327
\dtl@tmplength=\skip75
\l__datatool_measure_box=\box57
\dtl@sortresult=\count328
 (D:\Studies\MiKTeX\tex/latex/datatool\datatool-utf8.ldf
File: datatool-utf8.ldf 2025/11/06 v3.4.2 (NLCT)
)
\@dtl@datatype=\count329
\c_datatool_unknown_int=\count330
\l__datatool_year_int=\count331
\l__datatool_month_int=\count332
\l__datatool_day_int=\count333
\l__datatool_hour_int=\count334
\l__datatool_minute_int=\count335
\l__datatool_second_int=\count336
\l__datatool_tzhour_int=\count337
\l__datatool_tzminute_int=\count338
\l__datatool_julian_int=\count339
\l__datatool_local_julian_int=\count340
\l__datatool_prefix_int=\count341
\l__datatool_suffix_int=\count342
\@dtl@foreach@level=\count343


Package tracklang Warning: No `datatool' support for dialect `french'  on input line 9924.


Package tracklang Warning: No `datatool' support for dialect `english'  on input line 9924.

\dtl@codeA=\count344
\dtl@codeB=\count345
)
\l__datatool_max_cols_int=\count346
\l__datatool_col_idx_int=\count347
\l__datatool_row_idx_int=\count348
\l__datatool_item_type_int=\count349
\l__datatool_action_column_int=\count350
\l__datatool_action_column_ii_int=\count351
\l__datatool_action_row_int=\count352
\l__datatool_action_row_ii_int=\count353
\l__datatool_action_type_int=\count354
\l__datatool_action_datum_round_int=\count355
\dtlcolumnnum=\count356
\dtlrownum=\count357
\@dtl@before=\toks36
\@dtl@after=\toks37
\@dtl@colhead=\toks38
\dtlcurrentrow=\toks39
\dtlbeforerow=\toks40
\dtlafterrow=\toks41
\l__datatool_map_data_max_cols_int=\count358
\l__datatool_map_data_edit_column_int=\count359
\dtlforeachlevel=\count360
\c@DTLrow=\count361
\c@DTLrowi=\count362
\c@DTLrowii=\count363
\c@DTLrowiii=\count364
\dtl@rowi=\count365
\dtl@rowii=\count366
\dtl@rowiii=\count367
\g__filtered_row_i_int=\count368
\g__filtered_row_ii_int=\count369
\g__filtered_row_iii_int=\count370
\@dtl@curi=\toks42
\@dtl@previ=\toks43
\@dtl@nexti=\toks44
\@dtl@curii=\toks45
\@dtl@previi=\toks46
\@dtl@nextii=\toks47
\@dtl@curiii=\toks48
\@dtl@previii=\toks49
\@dtl@nextiii=\toks50
\l_datatool_display_per_row_int=\count371
\l_datatool_display_tab_rows_int=\count372
\@dtl@toksA=\toks51
\@dtl@toksB=\toks52
\@dtl@elements=\count373
\__datatool_sort_data_sortcol_int=\count374
\__datatool_sort_data_grpcol_int=\count375
\dtl@omitlines=\count376
\l__datatool_line_int=\count377
) (D:\Studies\MiKTeX\tex/latex/minitoc\minitoc.sty
Package: minitoc 2018/07/12 v62 Package minitoc
 (D:\Studies\MiKTeX\tex/latex/minitoc\mtcmess.sty
Package: mtcmess 2006/03/14
)
Package minitoc Info: I0001
(minitoc)             *** minitoc package, version 62 ***.
\tf@mtc=\write3
\mtcindent=\skip76
\mtcskipamount=\skip77
Package minitoc Info: I0005
(minitoc)             compatible with hyperref.
Package minitoc Info: I0023
(minitoc)             part level macros available.
Package minitoc Info: I0003
(minitoc)             chapter level macros available.
\mtc@toks=\toks53
\mtc@strutbox=\box58
\mtc@hstrutbox=\box59
Package minitoc Info: I0002
(minitoc)             Autoconfiguration of extensions.
\openout3 = `main.mtc0'.

\openout3 = `main.mtc'.

 (main.mtc0)
Package minitoc Info: I0012
(minitoc)             Long extensions (Unix-like) will be used.
Package minitoc Info: I0031
(minitoc)             ==> this version is configured for UNIX-like 
(minitoc)                 (long extensions) file names.
\openout3 = `main.mtc'.

\openout3 = `main.mtc0'.

\c@mtc=\count378
\c@minitocdepth=\count379
\c@ptc=\count380
\c@parttocdepth=\count381
\ptcindent=\skip78
Package minitoc Info: I0010
(minitoc)             The english language is selected.
(minitoc)              on input line 4910.
 (D:\Studies\MiKTeX\tex/latex/minitoc\english.mld
File: english.mld 2006/01/13
) (D:\Studies\MiKTeX\tex/latex/minitoc\english.mld
File: english.mld 2006/01/13
)
Package minitoc Info: I0010
(minitoc)             The french language is selected.
(minitoc)              on input line 4911.
 (D:\Studies\MiKTeX\tex/latex/minitoc\french.mld
File: french.mld 2006/03/21
))
Package minitoc Info: I0017
(minitoc)             \mtcsettitle redefines the macro 
(minitoc)             "mtctitle" as 
(minitoc)             "Plan" on input line 133.
Package minitoc Info: I0008
(minitoc)             Horizontal rules are inhibited 
(minitoc)             for the minitocs on input line 135.
Package minitoc Info: I0052
(minitoc)             \mtcsetoffset redefines 
(minitoc)             "mtcoffset" as "-1.0em" on input line 136.
 (D:\Studies\MiKTeX\tex/latex/pstricks\pstcol.sty
Package: pstcol 2007/04/11 v1.3 LaTeX wrapper for `PSTricks' (RN,HV)


Package pstcol Warning: ************************************ 
(pstcol)                The package `pstcol' is obsolet! 
(pstcol)                You should use `pstricks' directly: 
(pstcol)                    \usepackage{pstricks}
(pstcol)                ************************************.

(D:\Studies\MiKTeX\tex/latex/pstricks\pstricks.sty
Package: pstricks 2024/02/02 v0.75 LaTeX wrapper for `PSTricks' (RN,HV)
 (D:\Studies\MiKTeX\tex/generic/xkeyval\pst-xkey.tex
File: pst-xkey.tex 2005/11/25 v1.6 PSTricks specialization of xkeyval (HA)
) (D:\Studies\MiKTeX\tex/generic/pstricks\pstricks.tex (D:\Studies\MiKTeX\tex/generic/pstricks\pst-fp.tex `pst-fp' v0.06, 2020/11/20 (hv)
\pstFP@xs=\count382
\pstFP@xia=\count383
\pstFP@xib=\count384
\pstFP@xfa=\count385
\pstFP@xfb=\count386
\pstFP@rega=\count387
\pstFP@regb=\count388
\pstFP@regs=\count389
\pstFP@times=\count390
) (D:\Studies\MiKTeX\tex/latex/pgf/utilities\pgffor.sty (D:\Studies\MiKTeX\tex/latex/pgf/utilities\pgfrcs.sty (D:\Studies\MiKTeX\tex/generic/pgf/utilities\pgfutil-common.tex
\pgfutil@everybye=\toks54
\pgfutil@tempdima=\dimen198
\pgfutil@tempdimb=\dimen199
) (D:\Studies\MiKTeX\tex/generic/pgf/utilities\pgfutil-latex.def
\pgfutil@abb=\box60
) (D:\Studies\MiKTeX\tex/generic/pgf/utilities\pgfrcs.code.tex (D:\Studies\MiKTeX\tex/generic/pgf\pgf.revision.tex)
Package: pgfrcs 2025-08-29 v3.1.11a (3.1.11a)
)) (D:\Studies\MiKTeX\tex/latex/pgf/utilities\pgfkeys.sty (D:\Studies\MiKTeX\tex/generic/pgf/utilities\pgfkeys.code.tex
\pgfkeys@pathtoks=\toks55
\pgfkeys@temptoks=\toks56
 (D:\Studies\MiKTeX\tex/generic/pgf/utilities\pgfkeyslibraryfiltered.code.tex
\pgfkeys@tmptoks=\toks57
))) (D:\Studies\MiKTeX\tex/latex/pgf/math\pgfmath.sty (D:\Studies\MiKTeX\tex/generic/pgf/math\pgfmath.code.tex (D:\Studies\MiKTeX\tex/generic/pgf/math\pgfmathutil.code.tex
\pgf@x=\dimen256
\pgf@xa=\dimen257
\pgf@xb=\dimen258
\pgf@xc=\dimen259
\pgf@y=\dimen260
\pgf@ya=\dimen261
\pgf@yb=\dimen262
\pgf@yc=\dimen263
\c@pgf@counta=\count391
\c@pgf@countb=\count392
\c@pgf@countc=\count393
\c@pgf@countd=\count394
) (D:\Studies\MiKTeX\tex/generic/pgf/math\pgfmathparser.code.tex
\pgfmath@dimen=\dimen264
\pgfmath@count=\count395
\pgfmath@box=\box61
\pgfmath@toks=\toks58
\pgfmath@stack@operand=\toks59
\pgfmath@stack@operation=\toks60
) (D:\Studies\MiKTeX\tex/generic/pgf/math\pgfmathfunctions.code.tex) (D:\Studies\MiKTeX\tex/generic/pgf/math\pgfmathfunctions.basic.code.tex) (D:\Studies\MiKTeX\tex/generic/pgf/math\pgfmathfunctions.trigonometric.code.tex) (D:\Studies\MiKTeX\tex/generic/pgf/math\pgfmathfunctions.random.code.tex) (D:\Studies\MiKTeX\tex/generic/pgf/math\pgfmathfunctions.comparison.code.tex) (D:\Studies\MiKTeX\tex/generic/pgf/math\pgfmathfunctions.base.code.tex) (D:\Studies\MiKTeX\tex/generic/pgf/math\pgfmathfunctions.round.code.tex) (D:\Studies\MiKTeX\tex/generic/pgf/math\pgfmathfunctions.misc.code.tex) (D:\Studies\MiKTeX\tex/generic/pgf/math\pgfmathfunctions.integerarithmetics.code.tex) (D:\Studies\MiKTeX\tex/generic/pgf/math\pgfmathcalc.code.tex) (D:\Studies\MiKTeX\tex/generic/pgf/math\pgfmathfloat.code.tex
\c@pgfmathroundto@lastzeros=\count396
))) (D:\Studies\MiKTeX\tex/generic/pgf/utilities\pgffor.code.tex
Package: pgffor 2025-08-29 v3.1.11a (3.1.11a)
\pgffor@iter=\dimen265
\pgffor@skip=\dimen266
\pgffor@stack=\toks61
\pgffor@toks=\toks62
))
\psLoopIndex=\count397

`PSTricks' v3.22  <2025/06/11> (tvz,hv)
\pst@dima=\dimen267
\pst@dimb=\dimen268
\pst@dimc=\dimen269
\pst@dimd=\dimen270
\pst@dimg=\dimen271
\pst@dimh=\dimen272
\pst@dimm=\dimen273
\pst@dimn=\dimen274
\pst@dimo=\dimen275
\pst@dimp=\dimen276
\pst@hbox=\box62
\pst@ibox=\box63
\pst@boxg=\box64
\pst@cnta=\count398
\pst@cntb=\count399
\pst@cntc=\count400
\pst@cntd=\count401
\pst@cntg=\count402
\pst@cnth=\count403
\pst@cntm=\count404
\pst@cntn=\count405
\pst@cnto=\count406
\pst@cntp=\count407
\@zero=\count408
\pst@toks=\toks63
--- We are running latex or xelatex ---
(D:\Studies\MiKTeX\tex/generic/pstricks\pstricks.con) (D:\Studies\MiKTeX\tex/generic/pstricks\pstricks-color.tex)
\psunit=\dimen277
\psxunit=\dimen278
\psyunit=\dimen279
\pst@C@@rType=\count409
\pslinewidth=\dimen280
\psk@startLW=\dimen281
\psk@endLW=\dimen282
 (D:\Studies\MiKTeX\tex/generic/pstricks\pstricks-arrows.tex
\pshooklength=\dimen283
\pshookwidth=\dimen284
)
\pst@customdefs=\toks64
 (D:\Studies\MiKTeX\tex/generic/pstricks\pstricks-dots.tex)
\pslinearc=\dimen285
\pst@symbolStep=\dimen286
\pst@symbolWidth=\dimen287
\pst@symbolLinewidth=\dimen288
 (D:\Studies\MiKTeX\tex/generic/pstricks\pst-code-grid.tex) (D:\Studies\MiKTeX\tex/generic/pstricks\pst-code-box.tex
\everypsbox=\toks65
\psframesep=\dimen289
) (D:\Studies\MiKTeX\tex/generic/pstricks\pst-code-arc.tex) (D:\Studies\MiKTeX\tex/generic/pstricks\pst-code-circle_ellipse.tex) (D:\Studies\MiKTeX\tex/generic/pstricks\pst-code-ref_rot.tex) (D:\Studies\MiKTeX\tex/generic/pstricks\pst-code-put.tex
\pslabelsep=\dimen290
) (D:\Studies\MiKTeX\tex/generic/pstricks\pst-code-pspicture.tex
\sh@wgridXunit=\dimen291
\sh@wgridYunit=\dimen292
\pst@shift=\dimen293
\ps@imagectr=\count410
) (D:\Studies\MiKTeX\tex/generic/pstricks\pstricks.con))
File: pstricks.tex 2025/06/11 v3.22 `PSTricks' (tvz,hv)
 (D:\Studies\MiKTeX\tex/generic/pstricks\pst-fp.tex `pst-fp' v0.06, 2020/11/20 (hv))
File: pst-fp.tex 2020/11/20 v0.06 `PST-fp' (hv)
)) (D:\Studies\MiKTeX\tex/latex/caption\caption.sty
Package: caption 2023/08/05 v3.6o Customizing captions (AR)
 (D:\Studies\MiKTeX\tex/latex/caption\caption3.sty
Package: caption3 2023/07/31 v2.4d caption3 kernel (AR)
\caption@tempdima=\dimen294
\captionmargin=\dimen295
\caption@leftmargin=\dimen296
\caption@rightmargin=\dimen297
\caption@width=\dimen298
\caption@indent=\dimen299
\caption@parindent=\dimen300
\caption@hangindent=\dimen301
Package caption Info: Unknown document class (or package),
(caption)             standard defaults will be used.
Package caption Info: \@makecaption = \long macro:#1#2->\let \@conttempa \relax \ifdim \prevdepth >-99\p@ \vskip \abovecaptionskip \else \def \@conttempa {\vbox to\topskip {}}\fi \let \@contfnote \footnote \renewcommand {\footnote }[2][]{} \let \@contfmark \footnotemark \renewcommand {\footnotemark }[1][]{} \let \@contlabel \label \renewcommand {\label }[1]{} \sbox \@tempboxa {\@contnfont #1\@contdelim \@conttfont #2} \let \footnote \@contfnote \let \footnotemark \@contfmark \let \label \@contlabel \ifdim \wd \@tempboxa <\linewidth \centering \fi \if@contcw \centering \parbox {\@contcwidth }{\fi \if@conthang \sbox \@tempboxa {\@contnfont #1\@contdelim } \@contpre {\@contnfont #1\@contdelim }\@conttempa {\@contcstyle \hangindent =\wd \@tempboxa \hangafter =\@ne \@conttfont #2\par } \else \if@contindent \@contpre {\@contnfont #1\@contdelim }\@conttempa {\@contcstyle \hangindent =\@contindw \hangafter =\@ne \@conttfont #2\par } \else \@contpre {\@contnfont #1\@contdelim }\@conttempa {\@contcstyle \@conttfont #2\par } \fi \fi \@contpost \if@contcw \par } \fi \vskip \belowcaptionskip  on input line 1175.
Package caption Info: french babel package is loaded.
)

Package caption Warning: Unknown document class (or package),
(caption)                standard defaults will be used.
See the caption package documentation for explanation.

\c@caption@flags=\count411
\c@continuedfloat=\count412
) (D:\Studies\MiKTeX\tex/latex/tocbibind\tocbibind.sty
Package: tocbibind 2010/10/13 v1.5k extra ToC listings
Package tocbibind Info: The document has chapter divisions on input line 50.


Package tocbibind Note: Using chapter style headings, unless overridden.

) (D:\Studies\MiKTeX\tex/latex/graphics\graphicx.sty
Package: graphicx 2024/12/31 v1.2e Enhanced LaTeX Graphics (DPC,SPQR)
 (D:\Studies\MiKTeX\tex/latex/graphics\graphics.sty
Package: graphics 2024/08/06 v1.4g Standard LaTeX Graphics (DPC,SPQR)
 (D:\Studies\MiKTeX\tex/latex/graphics\trig.sty
Package: trig 2023/12/02 v1.11 sin cos tan (DPC)
) (D:\Studies\MiKTeX\tex/latex/graphics-cfg\graphics.cfg
File: graphics.cfg 2016/06/04 v1.11 sample graphics configuration
)
Package graphics Info: Driver file: pdftex.def on input line 106.
)
\Gin@req@height=\dimen302
\Gin@req@width=\dimen303
)) (D:\Studies\MiKTeX\tex/latex/hyperref\hyperref.sty
Package: hyperref 2025-07-12 v7.01o Hypertext links for LaTeX
 (D:\Studies\MiKTeX\tex/latex/kvsetkeys\kvsetkeys.sty
Package: kvsetkeys 2022-10-05 v1.19 Key value parser (HO)
) (D:\Studies\MiKTeX\tex/generic/kvdefinekeys\kvdefinekeys.sty
Package: kvdefinekeys 2019-12-19 v1.6 Define keys (HO)
) (D:\Studies\MiKTeX\tex/generic/pdfescape\pdfescape.sty
Package: pdfescape 2019/12/09 v1.15 Implements pdfTeX's escape features (HO)
 (D:\Studies\MiKTeX\tex/generic/ltxcmds\ltxcmds.sty
Package: ltxcmds 2023-12-04 v1.26 LaTeX kernel commands for general use (HO)
) (D:\Studies\MiKTeX\tex/generic/pdftexcmds\pdftexcmds.sty
Package: pdftexcmds 2020-06-27 v0.33 Utility functions of pdfTeX for LuaTeX (HO)
 (D:\Studies\MiKTeX\tex/generic/infwarerr\infwarerr.sty
Package: infwarerr 2019/12/03 v1.5 Providing info/warning/error messages (HO)
)
Package pdftexcmds Info: \pdf@primitive is available.
Package pdftexcmds Info: \pdf@ifprimitive is available.
Package pdftexcmds Info: \pdfdraftmode found.
)) (D:\Studies\MiKTeX\tex/latex/hycolor\hycolor.sty
Package: hycolor 2020-01-27 v1.10 Color options for hyperref/bookmark (HO)
) (D:\Studies\MiKTeX\tex/latex/hyperref\nameref.sty
Package: nameref 2025-06-21 v2.57 Cross-referencing by name of section
 (D:\Studies\MiKTeX\tex/latex/refcount\refcount.sty
Package: refcount 2019/12/15 v3.6 Data extraction from label references (HO)
) (D:\Studies\MiKTeX\tex/generic/gettitlestring\gettitlestring.sty
Package: gettitlestring 2019/12/15 v1.6 Cleanup title references (HO)
 (D:\Studies\MiKTeX\tex/latex/kvoptions\kvoptions.sty
Package: kvoptions 2022-06-15 v3.15 Key value format for package options (HO)
))
\c@section@level=\count413
) (D:\Studies\MiKTeX\tex/generic/stringenc\stringenc.sty
Package: stringenc 2019/11/29 v1.12 Convert strings between diff. encodings (HO)
)
\@linkdim=\dimen304
\Hy@linkcounter=\count414
\Hy@pagecounter=\count415
 (D:\Studies\MiKTeX\tex/latex/hyperref\pd1enc.def
File: pd1enc.def 2025-07-12 v7.01o Hyperref: PDFDocEncoding definition (HO)
Now handling font encoding PD1 ...
... no UTF-8 mapping file for font encoding PD1
) (D:\Studies\MiKTeX\tex/generic/intcalc\intcalc.sty
Package: intcalc 2019/12/15 v1.3 Expandable calculations with integers (HO)
)
\Hy@SavedSpaceFactor=\count416
 (D:\Studies\MiKTeX\tex/latex/hyperref\puenc.def
File: puenc.def 2025-07-12 v7.01o Hyperref: PDF Unicode definition (HO)
Now handling font encoding PU ...
... no UTF-8 mapping file for font encoding PU
)
Package hyperref Info: Hyper figures OFF on input line 4195.
Package hyperref Info: Link nesting OFF on input line 4200.
Package hyperref Info: Hyper index ON on input line 4203.
Package hyperref Info: Plain pages OFF on input line 4210.
Package hyperref Info: Backreferencing OFF on input line 4215.
Package hyperref Info: Implicit mode ON; LaTeX internals redefined.
Package hyperref Info: Bookmarks ON on input line 4462.
\c@Hy@tempcnt=\count417
 (D:\Studies\MiKTeX\tex/latex/url\url.sty
\Urlmuskip=\muskip18
Package: url 2013/09/16  ver 3.4  Verb mode for urls, etc.
)
LaTeX Info: Redefining \url on input line 4801.
\XeTeXLinkMargin=\dimen305
 (D:\Studies\MiKTeX\tex/generic/bitset\bitset.sty
Package: bitset 2019/12/09 v1.3 Handle bit-vector datatype (HO)
 (D:\Studies\MiKTeX\tex/generic/bigintcalc\bigintcalc.sty
Package: bigintcalc 2019/12/15 v1.5 Expandable calculations on big integers (HO)
))
\Fld@menulength=\count418
\Field@Width=\dimen306
\Fld@charsize=\dimen307
Package hyperref Info: Hyper figures OFF on input line 6078.
Package hyperref Info: Link nesting OFF on input line 6083.
Package hyperref Info: Hyper index ON on input line 6086.
Package hyperref Info: backreferencing OFF on input line 6093.
Package hyperref Info: Link coloring OFF on input line 6098.
Package hyperref Info: Link coloring with OCG OFF on input line 6103.
Package hyperref Info: PDF/A mode OFF on input line 6108.
\Hy@abspage=\count419
\c@Item=\count420
\c@Hfootnote=\count421
)
Package hyperref Info: Driver (autodetected): hpdftex.
 (D:\Studies\MiKTeX\tex/latex/hyperref\hpdftex.def
File: hpdftex.def 2025-07-12 v7.01o Hyperref driver for pdfTeX
\Fld@listcount=\count422
\c@bookmark@seq@number=\count423
 (D:\Studies\MiKTeX\tex/latex/rerunfilecheck\rerunfilecheck.sty
Package: rerunfilecheck 2025-06-21 v1.11 Rerun checks for auxiliary files (HO)
 (D:\Studies\MiKTeX\tex/generic/uniquecounter\uniquecounter.sty
Package: uniquecounter 2019/12/15 v1.4 Provide unlimited unique counter (HO)
)
Package uniquecounter Info: New unique counter `rerunfilecheck' on input line 284.
)
\Hy@SectionHShift=\skip79
) (tpl/new_commands.tex (D:\Studies\MiKTeX\tex/latex/tcolorbox\tcolorbox.sty
Package: tcolorbox 2025/09/09 version 6.8.0 text color boxes
 (D:\Studies\MiKTeX\tex/latex/pgf/frontendlayer\tikz.sty (D:\Studies\MiKTeX\tex/latex/pgf/basiclayer\pgf.sty
Package: pgf 2025-08-29 v3.1.11a (3.1.11a)
 (D:\Studies\MiKTeX\tex/latex/pgf/basiclayer\pgfcore.sty (D:\Studies\MiKTeX\tex/latex/pgf/systemlayer\pgfsys.sty (D:\Studies\MiKTeX\tex/generic/pgf/systemlayer\pgfsys.code.tex
Package: pgfsys 2025-08-29 v3.1.11a (3.1.11a)
\pgf@x=\dimen308
\pgf@y=\dimen309
\pgf@xa=\dimen310
\pgf@ya=\dimen311
\pgf@xb=\dimen312
\pgf@yb=\dimen313
\pgf@xc=\dimen314
\pgf@yc=\dimen315
\pgf@xd=\dimen316
\pgf@yd=\dimen317
\w@pgf@writea=\write4
\r@pgf@reada=\read4
\c@pgf@counta=\count424
\c@pgf@countb=\count425
\c@pgf@countc=\count426
\c@pgf@countd=\count427
\t@pgf@toka=\toks66
\t@pgf@tokb=\toks67
\t@pgf@tokc=\toks68
\pgf@sys@id@count=\count428
 (D:\Studies\MiKTeX\tex/generic/pgf/systemlayer\pgf.cfg
File: pgf.cfg 2025-08-29 v3.1.11a (3.1.11a)
)
Driver file for pgf: pgfsys-pdftex.def
 (D:\Studies\MiKTeX\tex/generic/pgf/systemlayer\pgfsys-pdftex.def
File: pgfsys-pdftex.def 2025-08-29 v3.1.11a (3.1.11a)
 (D:\Studies\MiKTeX\tex/generic/pgf/systemlayer\pgfsys-common-pdf.def
File: pgfsys-common-pdf.def 2025-08-29 v3.1.11a (3.1.11a)
))) (D:\Studies\MiKTeX\tex/generic/pgf/systemlayer\pgfsyssoftpath.code.tex
File: pgfsyssoftpath.code.tex 2025-08-29 v3.1.11a (3.1.11a)
\pgfsyssoftpath@smallbuffer@items=\count429
\pgfsyssoftpath@bigbuffer@items=\count430
) (D:\Studies\MiKTeX\tex/generic/pgf/systemlayer\pgfsysprotocol.code.tex
File: pgfsysprotocol.code.tex 2025-08-29 v3.1.11a (3.1.11a)
)) (D:\Studies\MiKTeX\tex/generic/pgf/basiclayer\pgfcore.code.tex
Package: pgfcore 2025-08-29 v3.1.11a (3.1.11a)
 (D:\Studies\MiKTeX\tex/generic/pgf/math\pgfint.code.tex) (D:\Studies\MiKTeX\tex/generic/pgf/basiclayer\pgfcorepoints.code.tex
File: pgfcorepoints.code.tex 2025-08-29 v3.1.11a (3.1.11a)
\pgf@picminx=\dimen318
\pgf@picmaxx=\dimen319
\pgf@picminy=\dimen320
\pgf@picmaxy=\dimen321
\pgf@pathminx=\dimen322
\pgf@pathmaxx=\dimen323
\pgf@pathminy=\dimen324
\pgf@pathmaxy=\dimen325
\pgf@xx=\dimen326
\pgf@xy=\dimen327
\pgf@yx=\dimen328
\pgf@yy=\dimen329
\pgf@zx=\dimen330
\pgf@zy=\dimen331
) (D:\Studies\MiKTeX\tex/generic/pgf/basiclayer\pgfcorepathconstruct.code.tex
File: pgfcorepathconstruct.code.tex 2025-08-29 v3.1.11a (3.1.11a)
\pgf@path@lastx=\dimen332
\pgf@path@lasty=\dimen333
) (D:\Studies\MiKTeX\tex/generic/pgf/basiclayer\pgfcorepathusage.code.tex
File: pgfcorepathusage.code.tex 2025-08-29 v3.1.11a (3.1.11a)
\pgf@shorten@end@additional=\dimen334
\pgf@shorten@start@additional=\dimen335
) (D:\Studies\MiKTeX\tex/generic/pgf/basiclayer\pgfcorescopes.code.tex
File: pgfcorescopes.code.tex 2025-08-29 v3.1.11a (3.1.11a)
\pgfpic=\box65
\pgf@hbox=\box66
\pgf@layerbox@main=\box67
\pgf@picture@serial@count=\count431
) (D:\Studies\MiKTeX\tex/generic/pgf/basiclayer\pgfcoregraphicstate.code.tex
File: pgfcoregraphicstate.code.tex 2025-08-29 v3.1.11a (3.1.11a)
\pgflinewidth=\dimen336
) (D:\Studies\MiKTeX\tex/generic/pgf/basiclayer\pgfcoretransformations.code.tex
File: pgfcoretransformations.code.tex 2025-08-29 v3.1.11a (3.1.11a)
\pgf@pt@x=\dimen337
\pgf@pt@y=\dimen338
\pgf@pt@temp=\dimen339
) (D:\Studies\MiKTeX\tex/generic/pgf/basiclayer\pgfcorequick.code.tex
File: pgfcorequick.code.tex 2025-08-29 v3.1.11a (3.1.11a)
) (D:\Studies\MiKTeX\tex/generic/pgf/basiclayer\pgfcoreobjects.code.tex
File: pgfcoreobjects.code.tex 2025-08-29 v3.1.11a (3.1.11a)
) (D:\Studies\MiKTeX\tex/generic/pgf/basiclayer\pgfcorepathprocessing.code.tex
File: pgfcorepathprocessing.code.tex 2025-08-29 v3.1.11a (3.1.11a)
) (D:\Studies\MiKTeX\tex/generic/pgf/basiclayer\pgfcorearrows.code.tex
File: pgfcorearrows.code.tex 2025-08-29 v3.1.11a (3.1.11a)
\pgfarrowsep=\dimen340
) (D:\Studies\MiKTeX\tex/generic/pgf/basiclayer\pgfcoreshade.code.tex
File: pgfcoreshade.code.tex 2025-08-29 v3.1.11a (3.1.11a)
\pgf@max=\dimen341
\pgf@sys@shading@range@num=\count432
\pgf@shadingcount=\count433
) (D:\Studies\MiKTeX\tex/generic/pgf/basiclayer\pgfcoreimage.code.tex
File: pgfcoreimage.code.tex 2025-08-29 v3.1.11a (3.1.11a)
) (D:\Studies\MiKTeX\tex/generic/pgf/basiclayer\pgfcoreexternal.code.tex
File: pgfcoreexternal.code.tex 2025-08-29 v3.1.11a (3.1.11a)
\pgfexternal@startupbox=\box68
) (D:\Studies\MiKTeX\tex/generic/pgf/basiclayer\pgfcorelayers.code.tex
File: pgfcorelayers.code.tex 2025-08-29 v3.1.11a (3.1.11a)
) (D:\Studies\MiKTeX\tex/generic/pgf/basiclayer\pgfcoretransparency.code.tex
File: pgfcoretransparency.code.tex 2025-08-29 v3.1.11a (3.1.11a)
) (D:\Studies\MiKTeX\tex/generic/pgf/basiclayer\pgfcorepatterns.code.tex
File: pgfcorepatterns.code.tex 2025-08-29 v3.1.11a (3.1.11a)
) (D:\Studies\MiKTeX\tex/generic/pgf/basiclayer\pgfcorerdf.code.tex
File: pgfcorerdf.code.tex 2025-08-29 v3.1.11a (3.1.11a)
))) (D:\Studies\MiKTeX\tex/generic/pgf/modules\pgfmoduleshapes.code.tex
File: pgfmoduleshapes.code.tex 2025-08-29 v3.1.11a (3.1.11a)
\pgfnodeparttextbox=\box69
) (D:\Studies\MiKTeX\tex/generic/pgf/modules\pgfmoduleplot.code.tex
File: pgfmoduleplot.code.tex 2025-08-29 v3.1.11a (3.1.11a)
) (D:\Studies\MiKTeX\tex/latex/pgf/compatibility\pgfcomp-version-0-65.sty
Package: pgfcomp-version-0-65 2025-08-29 v3.1.11a (3.1.11a)
\pgf@nodesepstart=\dimen342
\pgf@nodesepend=\dimen343
) (D:\Studies\MiKTeX\tex/latex/pgf/compatibility\pgfcomp-version-1-18.sty
Package: pgfcomp-version-1-18 2025-08-29 v3.1.11a (3.1.11a)
)) (D:\Studies\MiKTeX\tex/generic/pgf/frontendlayer/tikz\tikz.code.tex
Package: tikz 2025-08-29 v3.1.11a (3.1.11a)
 (D:\Studies\MiKTeX\tex/generic/pgf/libraries\pgflibraryplothandlers.code.tex
File: pgflibraryplothandlers.code.tex 2025-08-29 v3.1.11a (3.1.11a)
\pgf@plot@mark@count=\count434
\pgfplotmarksize=\dimen344
)
\tikz@lastx=\dimen345
\tikz@lasty=\dimen346
\tikz@lastxsaved=\dimen347
\tikz@lastysaved=\dimen348
\tikz@lastmovetox=\dimen349
\tikz@lastmovetoy=\dimen350
\tikzleveldistance=\dimen351
\tikzsiblingdistance=\dimen352
\tikz@figbox=\box70
\tikz@figbox@bg=\box71
\tikz@tempbox=\box72
\tikz@tempbox@bg=\box73
\tikztreelevel=\count435
\tikznumberofchildren=\count436
\tikznumberofcurrentchild=\count437
\tikz@fig@count=\count438
 (D:\Studies\MiKTeX\tex/generic/pgf/modules\pgfmodulematrix.code.tex
File: pgfmodulematrix.code.tex 2025-08-29 v3.1.11a (3.1.11a)
\pgfmatrixcurrentrow=\count439
\pgfmatrixcurrentcolumn=\count440
\pgf@matrix@numberofcolumns=\count441
)
\tikz@expandcount=\count442
 (D:\Studies\MiKTeX\tex/generic/pgf/frontendlayer/tikz/libraries\tikzlibrarytopaths.code.tex
File: tikzlibrarytopaths.code.tex 2025-08-29 v3.1.11a (3.1.11a)
))) (D:\Studies\MiKTeX\tex/latex/tools\verbatim.sty
Package: verbatim 2024-01-22 v1.5x LaTeX2e package for verbatim enhancements
\every@verbatim=\toks69
\verbatim@line=\toks70
\verbatim@in@stream=\read5
) (D:\Studies\MiKTeX\tex/latex/environ\environ.sty
Package: environ 2014/05/04 v0.3 A new way to define environments
 (D:\Studies\MiKTeX\tex/latex/trimspaces\trimspaces.sty
Package: trimspaces 2009/09/17 v1.1 Trim spaces around a token list
))
\tcb@titlebox=\box74
\tcb@upperbox=\box75
\tcb@lowerbox=\box76
\tcb@phantombox=\box77
\c@tcbbreakpart=\count443
\c@tcblayer=\count444
\c@tcolorbox@number=\count445
\l__tcobox_tmpa_box=\box78
\l__tcobox_tmpa_dim=\dimen353
\tcb@temp=\box79
\tcb@temp=\box80
\tcb@temp=\box81
\tcb@temp=\box82
) (D:\Studies\MiKTeX\tex/latex/tools\afterpage.sty
Package: afterpage 2023/07/04 v1.08 After-Page Package (DPC)
\AP@output=\toks71
\AP@partial=\box83
\AP@footins=\box84
) (D:\Studies\MiKTeX\tex/latex/tools\longtable.sty
Package: longtable 2025-10-13 v4.24 Multi-page Table package (DPC)
\LTleft=\skip80
\LTright=\skip81
\LTpre=\skip82
\LTpost=\skip83
\LTchunksize=\count446
\LTcapwidth=\dimen354
\LT@head=\box85
\LT@firsthead=\box86
\LT@foot=\box87
\LT@lastfoot=\box88
\LT@gbox=\box89
\LT@cols=\count447
\LT@rows=\count448
\c@LT@tables=\count449
\c@LT@chunks=\count450
\LT@p@ftn=\toks72
) (D:\Studies\MiKTeX\tex/latex/tools\array.sty
Package: array 2025/09/25 v2.6n Tabular extension package (FMi)
\col@sep=\dimen355
\ar@mcellbox=\box90
\extrarowheight=\dimen356
\NC@list=\toks73
\extratabsurround=\skip84
\backup@length=\skip85
\ar@cellbox=\box91
) (D:\Studies\MiKTeX\tex/latex/tools\tabularx.sty
Package: tabularx 2023/12/11 v2.12a `tabularx' package (DPC)
\TX@col@width=\dimen357
\TX@old@table=\dimen358
\TX@old@col=\dimen359
\TX@target=\dimen360
\TX@delta=\dimen361
\TX@cols=\count451
\TX@ftn=\toks74
)) (D:\Studies\MiKTeX\tex/latex/multirow\multirow.sty
Package: multirow 2024/11/12 v2.9 Span multiple rows of a table
\multirow@colwidth=\skip86
\multirow@cntb=\count452
\multirow@dima=\skip87
\bigstrutjot=\dimen362
) (D:\Studies\MiKTeX\tex/latex/biblatex\biblatex.sty
Package: biblatex 2025/07/10 v3.21 programmable bibliographies (PK/MW)
 (D:\Studies\MiKTeX\tex/latex/logreq\logreq.sty
Package: logreq 2010/08/04 v1.0 xml request logger
\lrq@indent=\count453
 (D:\Studies\MiKTeX\tex/latex/logreq\logreq.def
File: logreq.def 2010/08/04 v1.0 logreq spec v1.0
))
\c@tabx@nest=\count454
\c@listtotal=\count455
\c@listcount=\count456
\c@liststart=\count457
\c@liststop=\count458
\c@citecount=\count459
\c@citetotal=\count460
\c@multicitecount=\count461
\c@multicitetotal=\count462
\c@instcount=\count463
\c@maxnames=\count464
\c@minnames=\count465
\c@maxitems=\count466
\c@minitems=\count467
\c@citecounter=\count468
\c@maxcitecounter=\count469
\c@savedcitecounter=\count470
\c@uniquelist=\count471
\c@uniquename=\count472
\c@refsection=\count473
\c@refsegment=\count474
\c@maxextratitle=\count475
\c@maxextratitleyear=\count476
\c@maxextraname=\count477
\c@maxextradate=\count478
\c@maxextraalpha=\count479
\c@abbrvpenalty=\count480
\c@highnamepenalty=\count481
\c@lownamepenalty=\count482
\c@maxparens=\count483
\c@parenlevel=\count484
\blx@tempcnta=\count485
\blx@tempcntb=\count486
\blx@tempcntc=\count487
\c@blx@maxsection=\count488
\blx@maxsegment@0=\count489
\blx@notetype=\count490
\blx@parenlevel@text=\count491
\blx@parenlevel@foot=\count492
\blx@sectionciteorder@0=\count493
\blx@sectionciteorderinternal@0=\count494
\blx@entrysetcounter=\count495
\blx@biblioinstance=\count496
\labelnumberwidth=\skip88
\labelalphawidth=\skip89
\biblabelsep=\skip90
\bibitemsep=\skip91
\bibnamesep=\skip92
\bibinitsep=\skip93
\bibparsep=\skip94
\bibhang=\skip95
\blx@bcfin=\read6
\blx@bcfout=\write5
\blx@langwohyphens=\language80
\c@mincomprange=\count497
\c@maxcomprange=\count498
\c@mincompwidth=\count499
Package biblatex Info: Trying to load biblatex default data model...
Package biblatex Info: ... file 'blx-dm.def' found.
 (D:\Studies\MiKTeX\tex/latex/biblatex\blx-dm.def
File: blx-dm.def 2025/07/10 v3.21 biblatex datamodel (PK/MW)
)
Package biblatex Info: Trying to load biblatex custom data model...
Package biblatex Info: ... file 'biblatex-dm.cfg' not found.
\c@afterword=\count500
\c@savedafterword=\count501
\c@annotator=\count502
\c@savedannotator=\count503
\c@author=\count504
\c@savedauthor=\count505
\c@bookauthor=\count506
\c@savedbookauthor=\count507
\c@commentator=\count508
\c@savedcommentator=\count509
\c@editor=\count510
\c@savededitor=\count511
\c@editora=\count512
\c@savededitora=\count513
\c@editorb=\count514
\c@savededitorb=\count515
\c@editorc=\count516
\c@savededitorc=\count517
\c@foreword=\count518
\c@savedforeword=\count519
\c@holder=\count520
\c@savedholder=\count521
\c@introduction=\count522
\c@savedintroduction=\count523
\c@namea=\count524
\c@savednamea=\count525
\c@nameb=\count526
\c@savednameb=\count527
\c@namec=\count528
\c@savednamec=\count529
\c@translator=\count530
\c@savedtranslator=\count531
\c@shortauthor=\count532
\c@savedshortauthor=\count533
\c@shorteditor=\count534
\c@savedshorteditor=\count535
\c@labelname=\count536
\c@savedlabelname=\count537
\c@institution=\count538
\c@savedinstitution=\count539
\c@lista=\count540
\c@savedlista=\count541
\c@listb=\count542
\c@savedlistb=\count543
\c@listc=\count544
\c@savedlistc=\count545
\c@listd=\count546
\c@savedlistd=\count547
\c@liste=\count548
\c@savedliste=\count549
\c@listf=\count550
\c@savedlistf=\count551
\c@location=\count552
\c@savedlocation=\count553
\c@organization=\count554
\c@savedorganization=\count555
\c@origlocation=\count556
\c@savedoriglocation=\count557
\c@origpublisher=\count558
\c@savedorigpublisher=\count559
\c@publisher=\count560
\c@savedpublisher=\count561
\c@language=\count562
\c@savedlanguage=\count563
\c@origlanguage=\count564
\c@savedoriglanguage=\count565
\c@pageref=\count566
\c@savedpageref=\count567
\shorthandwidth=\skip96
\shortjournalwidth=\skip97
\shortserieswidth=\skip98
\shorttitlewidth=\skip99
\shortauthorwidth=\skip100
\shorteditorwidth=\skip101
\locallabelnumberwidth=\skip102
\locallabelalphawidth=\skip103
\localshorthandwidth=\skip104
\localshortjournalwidth=\skip105
\localshortserieswidth=\skip106
\localshorttitlewidth=\skip107
\localshortauthorwidth=\skip108
\localshorteditorwidth=\skip109
Package biblatex Info: Trying to load compatibility code...
Package biblatex Info: ... file 'blx-compat.def' found.
 (D:\Studies\MiKTeX\tex/latex/biblatex\blx-compat.def
File: blx-compat.def 2025/07/10 v3.21 biblatex compatibility (PK/MW)
)
Package biblatex Info: Trying to load BibTeX backend compatibility...
Package biblatex Info: ... file 'blx-bibtex.def' found.
 (D:\Studies\MiKTeX\tex/latex/biblatex\blx-bibtex.def
File: blx-bibtex.def 2025/07/10 v3.21 biblatex compatibility (PK/MW)


Package biblatex Warning: Using fall-back bibtex backend:
(biblatex)                functionality may be reduced/unavailable.

)
Package biblatex Info: Trying to load generic definitions...
Package biblatex Info: ... file 'biblatex.def' found.
 (D:\Studies\MiKTeX\tex/latex/biblatex\biblatex.def
File: biblatex.def 2025/07/10 v3.21 biblatex compatibility (PK/MW)
\c@textcitecount=\count568
\c@textcitetotal=\count569
\c@textcitemaxnames=\count570
\c@biburlbigbreakpenalty=\count571
\c@biburlbreakpenalty=\count572
\c@biburlnumpenalty=\count573
\c@biburlucpenalty=\count574
\c@biburllcpenalty=\count575
\biburlbigskip=\muskip19
\biburlnumskip=\muskip20
\biburlucskip=\muskip21
\biburllcskip=\muskip22
\c@smartand=\count576
)
Package biblatex Info: Trying to load bibliography style 'numeric'...
Package biblatex Info: ... file 'numeric.bbx' found.
 (D:\Studies\MiKTeX\tex/latex/biblatex/bbx\numeric.bbx
File: numeric.bbx 2025/07/10 v3.21 biblatex bibliography style (PK/MW)
Package biblatex Info: Trying to load bibliography style 'standard'...
Package biblatex Info: ... file 'standard.bbx' found.
 (D:\Studies\MiKTeX\tex/latex/biblatex/bbx\standard.bbx
File: standard.bbx 2025/07/10 v3.21 biblatex bibliography style (PK/MW)
\c@bbx:relatedcount=\count577
\c@bbx:relatedtotal=\count578
))
Package biblatex Info: Trying to load citation style 'numeric'...
Package biblatex Info: ... file 'numeric.cbx' found.
 (D:\Studies\MiKTeX\tex/latex/biblatex/cbx\numeric.cbx
File: numeric.cbx 2025/07/10 v3.21 biblatex citation style (PK/MW)
Package biblatex Info: Redefining '\cite'.
Package biblatex Info: Redefining '\parencite'.
Package biblatex Info: Redefining '\footcite'.
Package biblatex Info: Redefining '\footcitetext'.
Package biblatex Info: Redefining '\smartcite'.
Package biblatex Info: Redefining '\supercite'.
Package biblatex Info: Redefining '\textcite'.
Package biblatex Info: Redefining '\textcites'.
Package biblatex Info: Redefining '\cites'.
Package biblatex Info: Redefining '\parencites'.
Package biblatex Info: Redefining '\smartcites'.
)
Package biblatex Info: Trying to load configuration file...
Package biblatex Info: ... file 'biblatex.cfg' found.
 (D:\Studies\MiKTeX\tex/latex/biblatex\biblatex.cfg
File: biblatex.cfg 
)
Package biblatex Info: Input encoding 'utf8' detected.
Package biblatex Info: Document encoding is UTF8 ....
Package biblatex Info: ... and expl3
(biblatex)             2025-11-06 L3 programming layer (loader) 
(biblatex)             is new enough (at least 2020/04/06),
(biblatex)             setting 'casechanger=expl3'.
 (D:\Studies\MiKTeX\tex/latex/biblatex\blx-case-expl3.sty
Package: blx-case-expl3 2025/07/10 v3.21 expl3 case changing code for biblatex
))
Package hyperref Info: Option `colorlinks' set `true' on input line 18.
\c@enumlisti=\count579
\enitdp@enumlist=\count580
 (D:\Studies\MiKTeX\tex/latex/float\float.sty
Package: float 2001/11/08 v1.3d Float enhancements (AL)
\c@float@type=\count581
\float@exts=\toks75
\float@box=\box92
\@float@everytoks=\toks76
\@floatcapt=\box93
) (D:\Studies\MiKTeX\tex/generic/pgf/frontendlayer/tikz/libraries\tikzlibraryshadows.code.tex
File: tikzlibraryshadows.code.tex 2025-08-29 v3.1.11a (3.1.11a)
 (D:\Studies\MiKTeX\tex/generic/pgf/frontendlayer/tikz/libraries\tikzlibraryfadings.code.tex
File: tikzlibraryfadings.code.tex 2025-08-29 v3.1.11a (3.1.11a)
 (D:\Studies\MiKTeX\tex/generic/pgf/libraries\pgflibraryfadings.code.tex
File: pgflibraryfadings.code.tex 2025-08-29 v3.1.11a (3.1.11a)
))) (D:\Studies\MiKTeX\tex/latex/graphics\rotating.sty
Package: rotating 2025/01/14 v2.16e rotated objects in LaTeX
\c@r@tfl@t=\count582
\rotFPtop=\skip110
\rotFPbot=\skip111
\rot@float@box=\box94
\rot@mess@toks=\toks77
)
LaTeX Font Info:    Trying to load font information for T1+ntxtlf on input line 74.
 (D:\Studies\MiKTeX\tex/latex/newtx\t1ntxtlf.fd
File: t1ntxtlf.fd 2021/05/24 v1.1 font definition file for T1/ntx/tlf
)
LaTeX Font Info:    Font shape `T1/ntxtlf/m/n' will be
(Font)              scaled to size 12.0pt on input line 74.


Package biblatex Warning: 'babel/polyglossia' detected but 'csquotes' missing.
(biblatex)                Loading 'csquotes' recommended.

\@quotelevel=\count583
\@quotereset=\count584

LaTeX Warning: Unused global option(s):
    [pfe,titlesmallcaps].

(main.aux)
\openout1 = `main.aux'.

LaTeX Font Info:    Checking defaults for OML/ntxmi/m/it on input line 74.
LaTeX Font Info:    Trying to load font information for OML+ntxmi on input line 74.
 (D:\Studies\MiKTeX\tex/latex/newtx\omlntxmi.fd
File: omlntxmi.fd 2015/08/25 Fontinst v1.933 font definitions for OML/ntxmi.
)
LaTeX Font Info:    ... okay on input line 74.
LaTeX Font Info:    Checking defaults for OMS/cmsy/m/n on input line 74.
LaTeX Font Info:    ... okay on input line 74.
LaTeX Font Info:    Checking defaults for OT1/cmr/m/n on input line 74.
LaTeX Font Info:    ... okay on input line 74.
LaTeX Font Info:    Checking defaults for T1/cmr/m/n on input line 74.
LaTeX Font Info:    ... okay on input line 74.
LaTeX Font Info:    Checking defaults for TS1/cmr/m/n on input line 74.
LaTeX Font Info:    ... okay on input line 74.
LaTeX Font Info:    Checking defaults for OMX/cmex/m/n on input line 74.
LaTeX Font Info:    ... okay on input line 74.
LaTeX Font Info:    Checking defaults for U/ntxexa/m/n on input line 74.
LaTeX Font Info:    Trying to load font information for U+ntxexa on input line 74.
 (D:\Studies\MiKTeX\tex/latex/newtx\untxexa.fd
File: untxexa.fd 2012/04/16 Fontinst v1.933 font definitions for U/ntxexa.
)
LaTeX Font Info:    ... okay on input line 74.
LaTeX Font Info:    Checking defaults for LMS/ntxsy/m/n on input line 74.
LaTeX Font Info:    Trying to load font information for LMS+ntxsy on input line 74.
 (D:\Studies\MiKTeX\tex/latex/newtx\lmsntxsy.fd
File: lmsntxsy.fd 2016/07/02 Fontinst v1.933 font definitions for LMS/ntxsy.
)
LaTeX Font Info:    ... okay on input line 74.
LaTeX Font Info:    Checking defaults for LMX/ntxexx/m/n on input line 74.
LaTeX Font Info:    Trying to load font information for LMX+ntxexx on input line 74.
 (D:\Studies\MiKTeX\tex/latex/newtx\lmxntxexx.fd
File: lmxntxexx.fd 2016/07/03 Fontinst v1.933 font definitions for LMX/ntxexx.
)
LaTeX Font Info:    ... okay on input line 74.
LaTeX Font Info:    Checking defaults for PD1/pdf/m/n on input line 74.
LaTeX Font Info:    ... okay on input line 74.
LaTeX Font Info:    Checking defaults for PU/pdf/m/n on input line 74.
LaTeX Font Info:    ... okay on input line 74.

*geometry* driver: auto-detecting
*geometry* detected driver: pdftex
*geometry* verbose mode - [ preamble ] result:
* driver: pdftex
* paper: a4paper
* layout: <same size as paper>
* layoutoffset:(h,v)=(0.0pt,0.0pt)
* modes: 
* h-part:(L,W,R)=(89.62709pt, 418.25368pt, 89.6271pt)
* v-part:(T,H,B)=(101.40665pt, 591.5302pt, 152.11pt)
* \paperwidth=597.50787pt
* \paperheight=845.04684pt
* \textwidth=483.69685pt
* \textheight=726.3423pt
* \oddsidemargin=-15.36449pt
* \evensidemargin=-15.36449pt
* \topmargin=-38.1267pt
* \headheight=14.5pt
* \headsep=14.45377pt
* \topskip=12.0pt
* \footskip=30.0pt
* \marginparwidth=40.0pt
* \marginparsep=10.0pt
* \columnsep=10.0pt
* \skip\footins=10.8pt plus 4.0pt minus 2.0pt
* \hoffset=0.0pt
* \voffset=0.0pt
* \mag=1000
* \@twocolumnfalse
* \@twosidefalse
* \@mparswitchfalse
* \@reversemarginfalse
* (1in=72.27pt=25.4mm, 1cm=28.453pt)

(D:\Studies\MiKTeX\tex/context/base/mkii\supp-pdf.mkii
[Loading MPS to PDF converter (version 2006.09.02).]
\scratchcounter=\count585
\scratchdimen=\dimen363
\scratchbox=\box95
\nofMPsegments=\count586
\nofMParguments=\count587
\everyMPshowfont=\toks78
\MPscratchCnt=\count588
\MPscratchDim=\dimen364
\MPnumerator=\count589
\makeMPintoPDFobject=\count590
\everyMPtoPDFconversion=\toks79
) (D:\Studies\MiKTeX\tex/latex/epstopdf-pkg\epstopdf-base.sty
Package: epstopdf-base 2020-01-24 v2.11 Base part for package epstopdf
Package epstopdf-base Info: Redefining graphics rule for `.eps' on input line 485.
 (D:\Studies\MiKTeX\tex/latex/00miktex\epstopdf-sys.cfg
File: epstopdf-sys.cfg 2021/03/18 v2.0 Configuration of epstopdf for MiKTeX
))
\c@mv@tabular=\count591
\c@mv@boldtabular=\count592
LaTeX Info: Command `\dddot' is already robust on input line 74.
LaTeX Info: Command `\ddddot' is already robust on input line 74.
LaTeX Info: Redefining \degres on input line 74.
Package minitoc(hints) Info: I0049
(minitoc(hints))             ==> You requested the hints option. 
(minitoc(hints))             Some hints are eventually given below.
Package minitoc(hints) Info: I0046
(minitoc(hints))             --- The tocbibind package is loaded. 
(minitoc(hints))             See the minitoc package documentation 
(minitoc(hints))             for specific precautions.


Package minitoc(hints) Warning: W0099
(minitoc(hints))                --- The titlesec package is loaded. 
(minitoc(hints))                It is incompatible 
(minitoc(hints))                with the minitoc package.


Package minitoc(hints) Warning: W0030
(minitoc(hints))                --- The \part command is altered 
(minitoc(hints))                after minitoc.


Package minitoc(hints) Warning: W0023
(minitoc(hints))                --- It may be the consequence 
(minitoc(hints))                of loading the ``hyperref'' package.


Package minitoc(hints) Warning: W0028
(minitoc(hints))                --- The \chapter command is altered 
(minitoc(hints))                after minitoc.


Package minitoc(hints) Warning: W0023
(minitoc(hints))                --- It may be the consequence 
(minitoc(hints))                of loading the ``hyperref'' package.

Package caption Info: Begin \AtBeginDocument code.
Package caption Info: float package is loaded.
Package caption Info: hyperref package is loaded.
Package caption Info: longtable package is loaded.
(D:\Studies\MiKTeX\tex/latex/caption\ltcaption.sty
Package: ltcaption 2021/01/08 v1.4c longtable captions (AR)
)
Package caption Info: rotating package is loaded.
Package caption Info: End \AtBeginDocument code.
Package hyperref Info: Link coloring ON on input line 74.
 (main.out) (main.out)
\@outlinefile=\write6
\openout6 = `main.out'.

Package biblatex Info: Trying to load language 'english'...
Package biblatex Info: ... file 'english.lbx' found.
 (D:\Studies\MiKTeX\tex/latex/biblatex/lbx\english.lbx
File: english.lbx 2025/07/10 v3.21 biblatex localization (PK/MW)
)
Package biblatex Info: Trying to load language 'french'...
Package biblatex Info: ... file 'french.lbx' found.
 (D:\Studies\MiKTeX\tex/latex/biblatex/lbx\french.lbx
File: french.lbx 2025/07/10 v3.21 biblatex localization (PK/MW)
)
Package biblatex Info: Input encoding 'utf8' detected.
Package biblatex Info: Automatic encoding selection.
(biblatex)             Assuming data encoding 'utf8'.
Package biblatex Info: Input encoding 'utf8' detected.
Package biblatex Info: Data encoding 'utf8' specified.
(biblatex)             No need to reencode data.
\openout5 = `main-blx.bib'.

Package biblatex Info: Trying to load bibliographic data...
Package biblatex Info: ... file 'main.bbl' found.
 (main.bbl)
Package biblatex Info: Reference section=0 on input line 74.
Package biblatex Info: Reference segment=0 on input line 74.
 (global_config.tex) (PageDeGarde.tex
<images/i3s_logo.png, id=218, 240.9pt x 71.0655pt>
File: images/i3s_logo.png Graphic file (type png)
<use images/i3s_logo.png>
Package pdftex.def Info: images/i3s_logo.png  used on input line 6.
(pdftex.def)             Requested size: 99.58464pt x 29.37668pt.
LaTeX Font Info:    Trying to load font information for OT1+minntx on input line 7.
 (D:\Studies\MiKTeX\tex/latex/newtx\ot1minntx.fd
File: ot1minntx.fd 2023/09/09 v1.1 font definition file for OT1/minntx
)
LaTeX Font Info:    Font shape `OT1/minntx/m/n' will be
(Font)              scaled to size 12.0pt on input line 7.
LaTeX Font Info:    Font shape `OT1/minntx/m/n' will be
(Font)              scaled to size 8.8pt on input line 7.
LaTeX Font Info:    Font shape `OT1/minntx/m/n' will be
(Font)              scaled to size 6.6pt on input line 7.
LaTeX Font Info:    Font shape `OML/ntxmi/m/it' will be
(Font)              scaled to size 12.0pt on input line 7.
LaTeX Font Info:    Font shape `OML/ntxmi/m/it' will be
(Font)              scaled to size 8.8pt on input line 7.
LaTeX Font Info:    Font shape `OML/ntxmi/m/it' will be
(Font)              scaled to size 6.6pt on input line 7.
LaTeX Font Info:    Font shape `LMS/ntxsy/m/n' will be
(Font)              scaled to size 12.0pt on input line 7.
LaTeX Font Info:    Font shape `LMS/ntxsy/m/n' will be
(Font)              scaled to size 8.8pt on input line 7.
LaTeX Font Info:    Font shape `LMS/ntxsy/m/n' will be
(Font)              scaled to size 6.6pt on input line 7.
LaTeX Font Info:    Font shape `LMX/ntxexx/m/n' will be
(Font)              scaled to size 12.0pt on input line 7.
LaTeX Font Info:    Font shape `LMX/ntxexx/m/n' will be
(Font)              scaled to size 8.8pt on input line 7.
LaTeX Font Info:    Font shape `LMX/ntxexx/m/n' will be
(Font)              scaled to size 6.6pt on input line 7.
LaTeX Font Info:    Trying to load font information for U+ntxmia on input line 7.
 (D:\Studies\MiKTeX\tex/latex/newtx\untxmia.fd
File: untxmia.fd 2024/04/09 Fontinst v1.933 font definitions for U/ntxmia.
)
LaTeX Font Info:    Font shape `U/ntxmia/m/it' will be
(Font)              scaled to size 12.0pt on input line 7.
LaTeX Font Info:    Font shape `U/ntxmia/m/it' will be
(Font)              scaled to size 8.8pt on input line 7.
LaTeX Font Info:    Font shape `U/ntxmia/m/it' will be
(Font)              scaled to size 6.6pt on input line 7.
LaTeX Font Info:    Trying to load font information for U+ntxsym on input line 7.
 (D:\Studies\MiKTeX\tex/latex/newtx\untxsym.fd
File: untxsym.fd 2023/08/16 Fontinst v1.933 font definitions for U/ntxsym.
)
LaTeX Font Info:    Font shape `U/ntxsym/m/n' will be
(Font)              scaled to size 12.0pt on input line 7.
LaTeX Font Info:    Font shape `U/ntxsym/m/n' will be
(Font)              scaled to size 8.8pt on input line 7.
LaTeX Font Info:    Font shape `U/ntxsym/m/n' will be
(Font)              scaled to size 6.6pt on input line 7.
LaTeX Font Info:    Trying to load font information for U+ntxsyc on input line 7.
 (D:\Studies\MiKTeX\tex/latex/newtx\untxsyc.fd
File: untxsyc.fd 2012/04/12 Fontinst v1.933 font definitions for U/ntxsyc.
)
LaTeX Font Info:    Font shape `U/ntxsyc/m/n' will be
(Font)              scaled to size 12.0pt on input line 7.
LaTeX Font Info:    Font shape `U/ntxsyc/m/n' will be
(Font)              scaled to size 8.8pt on input line 7.
LaTeX Font Info:    Font shape `U/ntxsyc/m/n' will be
(Font)              scaled to size 6.6pt on input line 7.
LaTeX Font Info:    Font shape `U/ntxexa/m/n' will be
(Font)              scaled to size 12.0pt on input line 7.
LaTeX Font Info:    Font shape `U/ntxexa/m/n' will be
(Font)              scaled to size 8.8pt on input line 7.
LaTeX Font Info:    Font shape `U/ntxexa/m/n' will be
(Font)              scaled to size 6.6pt on input line 7.
<images/univ_logo.png, id=220, 250.536pt x 105.7551pt>
File: images/univ_logo.png Graphic file (type png)
<use images/univ_logo.png>
Package pdftex.def Info: images/univ_logo.png  used on input line 11.
(pdftex.def)             Requested size: 99.58464pt x 42.03664pt.
LaTeX Font Info:    Font shape `T1/ntxtlf/m/n' will be
(Font)              scaled to size 17.28pt on input line 16.
LaTeX Font Info:    Font shape `T1/ntxtlf/b/n' will be
(Font)              scaled to size 17.28pt on input line 16.
LaTeX Font Info:    Font shape `T1/ntxtlf/m/n' will be
(Font)              scaled to size 14.4pt on input line 17.
LaTeX Font Info:    Font shape `T1/ntxtlf/m/n' will be
(Font)              scaled to size 24.88pt on input line 21.
LaTeX Font Info:    Font shape `T1/ntxtlf/b/n' will be
(Font)              scaled to size 24.88pt on input line 21.
LaTeX Font Info:    Font shape `T1/ntxtlf/m/it' will be
(Font)              scaled to size 14.4pt on input line 30.
LaTeX Font Info:    Font shape `T1/ntxtlf/m/sc' will be
(Font)              scaled to size 14.4pt on input line 31.
 [1
Non-PDF special ignored!
<special> header=pstricks.pro
Non-PDF special ignored!
<special> header=pst-algparser.pro
Non-PDF special ignored!
<special> header=pst-tools.pro
Non-PDF special ignored!
<special> header=pst-dots.pro

Non-PDF special ignored!
<special> ps: /pssetRGBcolor /setrgbcolor load def /pssetCMYKcolor /setcmyk...
Non-PDF special ignored!
<special> ps:tx@Dict begin  gsave STV CP T /ps@rot 0 def grestore  end
Non-PDF special ignored!
<special> ps:tx@Dict begin  gsave STV CP T /ps@refangle 0.  def grestore  e...


{C:/Users/abdel/AppData/Local/MiKTeX/fonts/map/pdftex/pdftex.map}{D:/Studies/MiKTeX/fonts/enc/dvips/newtx/ntx-ec-tlf.enc}{D:/Studies/MiKTeX/fonts/enc/dvips/newtx/ntx-ec-tlf-pc.enc} <./images/i3s_logo.png> <./images/univ_logo.png>]) (remerciement.tex
LaTeX Font Info:    Font shape `T1/ntxtlf/b/n' will be
(Font)              scaled to size 12.0pt on input line 4.
)
Package minitoc Info: I0024
(minitoc)             PREPARING MINITOCS FROM main.toc on input line 104.
Package minitoc Info: I0033
(minitoc)             Writing main.mtc1.
\openout3 = `main.mtc1'.

Package minitoc Info: I0033
(minitoc)             Writing main.mtc2.
\openout3 = `main.mtc2'.

Package minitoc Info: I0033
(minitoc)             Writing main.mtc3.
\openout3 = `main.mtc3'.

Package minitoc Info: I0033
(minitoc)             Writing main.mtc4.
\openout3 = `main.mtc4'.

Package minitoc Info: I0033
(minitoc)             Writing main.mtc5.
\openout3 = `main.mtc5'.

Package minitoc Info: I0033
(minitoc)             Writing main.mtc6.
\openout3 = `main.mtc6'.

Package minitoc Info: I0033
(minitoc)             Writing main.mtc7.
\openout3 = `main.mtc7'.

Package minitoc Info: I0033
(minitoc)             Writing main.mtc8.
\openout3 = `main.mtc8'.

LaTeX Font Info:    Font shape `T1/ntxtlf/m/n' will be
(Font)              scaled to size 10.0pt on input line 104.

pdfTeX warning (ext4): destination with the same identifier (name{page.}) has been already used, duplicate ignored
<to be read again> 
                   \relax 
l.104         \tableofcontents
                               [1

] (main.toc
pdfTeX warning (ext4): destination with the same identifier (name{page.}) has been already used, duplicate ignored
<to be read again> 
                   \relax 
l.33 ...{4}Experiments and Results}{11}{chapter.4}
                                                  % [2

])
\tf@toc=\write7
\openout7 = `main.toc'.


pdfTeX warning (ext4): destination with the same identifier (name{page.}) has been already used, duplicate ignored
<to be read again> 
                   \relax 
l.108         \listoffigures
                             [3] (main.lof)
\tf@lof=\write8
\openout8 = `main.lof'.


pdfTeX warning (ext4): destination with the same identifier (name{page.}) has been already used, duplicate ignored
<to be read again> 
                   \relax 
l.116     \mainmatter
                      [4

] (chap_01.tex
Chapter 1.
LaTeX Font Info:    Font shape `T1/ntxtlf/m/sc' will be
(Font)              scaled to size 12.0pt on input line 1.
LaTeX Font Info:    Font shape `T1/ntxtlf/b/sc' will be
(Font)              scaled to size 12.0pt on input line 1.
LaTeX Font Info:    Font shape `T1/ntxtlf/b/scit' will be
(Font)              scaled to size 12.0pt on input line 1.
LaTeX Font Info:    Font shape `T1/ntxtlf/b/sc' will be
(Font)              scaled to size 24.88pt on input line 1.
Package minitoc Info: I0006
(minitoc)             main.mtc1 is empty on input line 1.
[1


]
LaTeX Font Info:    Font shape `T1/ntxtlf/b/n' will be
(Font)              scaled to size 14.4pt on input line 9.
LaTeX Font Info:    Trying to load font information for TS1+ntxtlf on input line 24.
 (D:\Studies\MiKTeX\tex/latex/newtx\ts1ntxtlf.fd
File: ts1ntxtlf.fd 2015/01/18 v1.0 fd file for TS1/ntxtlf
)
LaTeX Font Info:    Font shape `TS1/ntxtlf/m/n' will be
(Font)              scaled to size 12.0pt on input line 24.
 [2]) [3{D:/Studies/MiKTeX/fonts/enc/dvips/tex-gyre/q-ts1.enc}] (chap_02.tex
Chapter 2.
\openout3 = `main.mtc'.

\openout3 = `main.mtc'.

LaTeX Font Info:    Font shape `T1/ntxtlf/m/n' will be
(Font)              scaled to size 10.95pt on input line 1.
LaTeX Font Info:    Font shape `OT1/minntx/m/n' will be
(Font)              scaled to size 10.95pt on input line 1.
LaTeX Font Info:    Font shape `OT1/minntx/m/n' will be
(Font)              scaled to size 8.0pt on input line 1.
LaTeX Font Info:    Font shape `OT1/minntx/m/n' will be
(Font)              scaled to size 6.1pt on input line 1.
LaTeX Font Info:    Font shape `OML/ntxmi/m/it' will be
(Font)              scaled to size 10.95pt on input line 1.
LaTeX Font Info:    Font shape `OML/ntxmi/m/it' will be
(Font)              scaled to size 8.0pt on input line 1.
LaTeX Font Info:    Font shape `OML/ntxmi/m/it' will be
(Font)              scaled to size 6.1pt on input line 1.
LaTeX Font Info:    Font shape `LMS/ntxsy/m/n' will be
(Font)              scaled to size 10.95pt on input line 1.
LaTeX Font Info:    Font shape `LMS/ntxsy/m/n' will be
(Font)              scaled to size 8.0pt on input line 1.
LaTeX Font Info:    Font shape `LMS/ntxsy/m/n' will be
(Font)              scaled to size 6.1pt on input line 1.
LaTeX Font Info:    Font shape `LMX/ntxexx/m/n' will be
(Font)              scaled to size 10.95pt on input line 1.
LaTeX Font Info:    Font shape `LMX/ntxexx/m/n' will be
(Font)              scaled to size 8.0pt on input line 1.
LaTeX Font Info:    Font shape `LMX/ntxexx/m/n' will be
(Font)              scaled to size 6.1pt on input line 1.
LaTeX Font Info:    Font shape `U/ntxmia/m/it' will be
(Font)              scaled to size 10.95pt on input line 1.
LaTeX Font Info:    Font shape `U/ntxmia/m/it' will be
(Font)              scaled to size 8.0pt on input line 1.
LaTeX Font Info:    Font shape `U/ntxmia/m/it' will be
(Font)              scaled to size 6.1pt on input line 1.
LaTeX Font Info:    Font shape `U/ntxsym/m/n' will be
(Font)              scaled to size 10.95pt on input line 1.
LaTeX Font Info:    Font shape `U/ntxsym/m/n' will be
(Font)              scaled to size 8.0pt on input line 1.
LaTeX Font Info:    Font shape `U/ntxsym/m/n' will be
(Font)              scaled to size 6.1pt on input line 1.
LaTeX Font Info:    Font shape `U/ntxsyc/m/n' will be
(Font)              scaled to size 10.95pt on input line 1.
LaTeX Font Info:    Font shape `U/ntxsyc/m/n' will be
(Font)              scaled to size 8.0pt on input line 1.
LaTeX Font Info:    Font shape `U/ntxsyc/m/n' will be
(Font)              scaled to size 6.1pt on input line 1.
LaTeX Font Info:    Font shape `U/ntxexa/m/n' will be
(Font)              scaled to size 10.95pt on input line 1.
LaTeX Font Info:    Font shape `U/ntxexa/m/n' will be
(Font)              scaled to size 8.0pt on input line 1.
LaTeX Font Info:    Font shape `U/ntxexa/m/n' will be
(Font)              scaled to size 6.1pt on input line 1.
(main.mtc2
LaTeX Font Info:    Font shape `T1/ntxtlf/b/n' will be
(Font)              scaled to size 10.95pt on input line 1.
) [4


] [5]
LaTeX Font Info:    Font shape `T1/ntxtlf/m/it' will be
(Font)              scaled to size 12.0pt on input line 36.
) [6] (chap_03.tex
Chapter 3.
\openout3 = `main.mtc'.

\openout3 = `main.mtc'.

(main.mtc3) [7


] [8] [9{D:/Studies/MiKTeX/fonts/enc/dvips/newtx/ntx-ot1-tlf.enc}]) [10] (chap_04.tex
Chapter 4.
\openout3 = `main.mtc'.

\openout3 = `main.mtc'.

(main.mtc4) [11


] [12]
<images/results_graph.png, id=385, 726.3135pt x 438.6789pt>
File: images/results_graph.png Graphic file (type png)
<use images/results_graph.png>
Package pdftex.def Info: images/results_graph.png  used on input line 45.
(pdftex.def)             Requested size: 386.95895pt x 233.72365pt.
) [13 <./images/results_graph.png>] (chap_05.tex
Chapter 5.
\openout3 = `main.mtc'.

\openout3 = `main.mtc'.

(main.mtc5) [14


] [15]) [16] [17] (conclusion.tex) [18


] [19


]
Package minitoc Info: I0009
(minitoc)             Listing minitoc auxiliary files. 
(minitoc)             Creating the main.maf file.
\openout3 = `main.maf'.



Package minitoc(hints) Warning: W0033
(minitoc(hints))                The caption package should be 
(minitoc(hints))                loaded BEFORE the minitoc package.

Package minitoc(hints) Info: I0053
(minitoc(hints))             You have loaded the float package; 
(minitoc(hints))             please be aware that the minitoc package 
(minitoc(hints))             facilities can not be used for new types 
(minitoc(hints))             of floats defined by the float package.

Package minitoc(hints) Warning: W0024
(minitoc(hints))                Some hints have been written 
(minitoc(hints))                in the main.log file.

[20

] (main.aux)
 ***********
LaTeX2e <2025-11-01>
L3 programming layer <2020/03/25>
 ***********
Package rerunfilecheck Info: File `main.out' has not changed.
(rerunfilecheck)             Checksum: 71C5ABA1BFBA2628C37A9DAEE3E129A8;8219.
Package logreq Info: Writing requests to 'main.run.xml'.
\openout1 = `main.run.xml'.

 ) 
Here is how much of TeX's memory you used:
 48160 strings out of 467871
 927044 string characters out of 5431362
 1754878 words of memory out of 5000000
 76218 multiletter control sequences out of 15000+600000
 708263 words of font info for 117 fonts, out of 8000000 for 9000
 1141 hyphenation exceptions out of 8191
 105i,12n,131p,1926b,2305s stack positions out of 10000i,1000n,20000p,200000b,200000s
<D:/Studies/MiKTeX/fonts/type1/public/newtx/NewTXMI.pfb><D:/Studies/MiKTeX/fonts/type1/public/tex-gyre/qtmr.pfb><D:/Studies/MiKTeX/fonts/type1/public/newtx/txmiaX.pfb><D:/Studies/MiKTeX/fonts/type1/public/newtx/txsys.pfb><D:/Studies/MiKTeX/fonts/type1/public/newtx/ztmb.pfb><D:/Studies/MiKTeX/fonts/type1/public/newtx/ztmbi.pfb><D:/Studies/MiKTeX/fonts/type1/public/newtx/ztmr.pfb><D:/Studies/MiKTeX/fonts/type1/public/newtx/ztmri.pfb>
Output written on main.pdf (25 pages, 356134 bytes).
PDF statistics:
 498 PDF objects out of 1000 (max. 8388607)
 87 named destinations out of 1000 (max. 500000)
 500 words of extra memory for PDF output out of 10000 (max. 10000000)

